[debug] ----------------------------------------------------------------------
[debug] Command:      /Users/elliottmarquez/.nvm/versions/node/v6.5.0/bin/node /Users/elliottmarquez/.nvm/versions/node/v6.5.0/bin/firebase deploy
[debug] CLI Version:  3.0.7
[debug] Platform:     darwin
[debug] Node Version: v6.5.0
[debug] Time:         Mon Nov 21 2016 00:38:17 GMT-0800 (PST)
[debug] ----------------------------------------------------------------------
[debug] 
[debug] > command requires scopes: ["email","openid","https://www.googleapis.com/auth/cloudplatformprojects.readonly","https://www.googleapis.com/auth/firebase"]
[debug] >>> HTTP REQUEST GET https://admin.firebase.com/v1/projects/personalsite-142006 
[debug] <<< HTTP RESPONSE 200
[debug] >>> HTTP REQUEST GET https://admin.firebase.com/v1/database/personalsite-142006/tokens 
[debug] <<< HTTP RESPONSE 200
[info] 
[info] === Deploying to 'personalsite-142006'...
[info] 
[info] i  deploying database, hosting
[info] ✔  database: rules ready to deploy.
[info] i  hosting: preparing / directory for upload...
[debug] >>> HTTP REQUEST PUT https://deploy.firebase.com/v1/hosting/personalsite-142006/uploads/-KX51IAy1MVeM39D8T3J?fileCount=1619&message= 
