0 info it worked if it ends with ok
1 verbose cli [ '/usr/local/bin/node',
1 verbose cli   '/usr/local/bin/npm',
1 verbose cli   'install',
1 verbose cli   '-g',
1 verbose cli   'bower' ]
2 info using npm@2.14.12
3 info using node@v4.2.6
4 verbose install initial load of /usr/local/lib/package.json
5 verbose readDependencies loading dependencies from /usr/local/lib/package.json
6 silly cache add args [ 'bower', null ]
7 verbose cache add spec bower
8 silly cache add parsed spec Result {
8 silly cache add   raw: 'bower',
8 silly cache add   scope: null,
8 silly cache add   name: 'bower',
8 silly cache add   rawSpec: '',
8 silly cache add   spec: 'latest',
8 silly cache add   type: 'tag' }
9 silly addNamed bower@latest
10 verbose addNamed "latest" is being treated as a dist-tag for bower
11 info addNameTag [ 'bower', 'latest' ]
12 silly mapToRegistry name bower
13 silly mapToRegistry using default registry
14 silly mapToRegistry registry https://registry.npmjs.org/
15 silly mapToRegistry uri https://registry.npmjs.org/bower
16 verbose addNameTag registry:https://registry.npmjs.org/bower not in flight; fetching
17 verbose request uri https://registry.npmjs.org/bower
18 verbose request no auth needed
19 info attempt registry request try #1 at 3:32:07 AM
20 verbose request id 699a6c37f32d920e
21 http request GET https://registry.npmjs.org/bower
22 http 200 https://registry.npmjs.org/bower
23 verbose headers { server: 'CouchDB/1.5.0 (Erlang OTP/R16B03)',
23 verbose headers   etag: '"18ZUCBZQK01UXN6PO7JHJJFF8"',
23 verbose headers   'content-type': 'application/json',
23 verbose headers   'cache-control': 'max-age=300',
23 verbose headers   'content-length': '172477',
23 verbose headers   'accept-ranges': 'bytes',
23 verbose headers   date: 'Wed, 04 May 2016 10:32:08 GMT',
23 verbose headers   via: '1.1 varnish',
23 verbose headers   age: '259',
23 verbose headers   connection: 'keep-alive',
23 verbose headers   'x-served-by': 'cache-iad2142-IAD',
23 verbose headers   'x-cache': 'HIT',
23 verbose headers   'x-cache-hits': '2',
23 verbose headers   'x-timer': 'S1462357928.113880,VS0,VE0',
23 verbose headers   vary: 'Accept-Encoding' }
24 silly get cb [ 200,
24 silly get   { server: 'CouchDB/1.5.0 (Erlang OTP/R16B03)',
24 silly get     etag: '"18ZUCBZQK01UXN6PO7JHJJFF8"',
24 silly get     'content-type': 'application/json',
24 silly get     'cache-control': 'max-age=300',
24 silly get     'content-length': '172477',
24 silly get     'accept-ranges': 'bytes',
24 silly get     date: 'Wed, 04 May 2016 10:32:08 GMT',
24 silly get     via: '1.1 varnish',
24 silly get     age: '259',
24 silly get     connection: 'keep-alive',
24 silly get     'x-served-by': 'cache-iad2142-IAD',
24 silly get     'x-cache': 'HIT',
24 silly get     'x-cache-hits': '2',
24 silly get     'x-timer': 'S1462357928.113880,VS0,VE0',
24 silly get     vary: 'Accept-Encoding' } ]
25 verbose get saving bower to /Users/personal/.npm/registry.npmjs.org/bower/.cache.json
26 verbose makeDirectory /Users/personal/.npm creation not in flight; initializing
27 silly makeDirectory /Users/personal/.npm uid: 501 gid: 20
28 silly addNameTag next cb for bower with tag latest
29 silly addNamed bower@1.7.9
30 verbose addNamed "1.7.9" is a plain semver version for bower
31 silly mapToRegistry name bower
32 silly mapToRegistry using default registry
33 silly mapToRegistry registry https://registry.npmjs.org/
34 silly mapToRegistry uri https://registry.npmjs.org/bower
35 verbose addRemoteTarball https://registry.npmjs.org/bower/-/bower-1.7.9.tgz not in flight; adding
36 verbose addRemoteTarball [ 'https://registry.npmjs.org/bower/-/bower-1.7.9.tgz',
36 verbose addRemoteTarball   'b7296c2393e0d75edaa6ca39648132dd255812b0' ]
37 info retry fetch attempt 1 at 3:32:08 AM
38 info attempt registry request try #1 at 3:32:08 AM
39 http fetch GET https://registry.npmjs.org/bower/-/bower-1.7.9.tgz
40 http fetch 200 https://registry.npmjs.org/bower/-/bower-1.7.9.tgz
41 silly fetchAndShaCheck shasum b7296c2393e0d75edaa6ca39648132dd255812b0
42 verbose addTmpTarball /var/folders/5p/87rw2nz13199c5g2vydt8hw00000gn/T/npm-26268-c092311f/registry.npmjs.org/bower/-/bower-1.7.9.tgz not in flight; adding
43 verbose addTmpTarball already have metadata; skipping unpack for bower@1.7.9
44 silly cache afterAdd bower@1.7.9
45 verbose afterAdd /Users/personal/.npm/bower/1.7.9/package/package.json not in flight; writing
46 verbose afterAdd /Users/personal/.npm/bower/1.7.9/package/package.json written
47 silly install resolved [ { name: 'bower',
47 silly install resolved     version: '1.7.9',
47 silly install resolved     description: 'The browser package manager',
47 silly install resolved     author: { name: 'Twitter' },
47 silly install resolved     license: 'MIT',
47 silly install resolved     repository: { type: 'git', url: 'git+https://github.com/bower/bower.git' },
47 silly install resolved     main: 'lib',
47 silly install resolved     bin: { bower: 'bin/bower' },
47 silly install resolved     homepage: 'http://bower.io',
47 silly install resolved     engines: { node: '>=0.10.0' },
47 silly install resolved     keywords: [ 'bower' ],
47 silly install resolved     files: [ 'bin', 'lib' ],
47 silly install resolved     bugs: { url: 'https://github.com/bower/bower/issues' },
47 silly install resolved     _id: 'bower@1.7.9',
47 silly install resolved     scripts: {},
47 silly install resolved     _shasum: 'b7296c2393e0d75edaa6ca39648132dd255812b0',
47 silly install resolved     _from: 'bower@latest',
47 silly install resolved     _npmVersion: '3.7.3',
47 silly install resolved     _nodeVersion: '5.9.0',
47 silly install resolved     _npmUser: { name: 'sheerun', email: 'sheerun@sher.pl' },
47 silly install resolved     dist:
47 silly install resolved      { shasum: 'b7296c2393e0d75edaa6ca39648132dd255812b0',
47 silly install resolved        tarball: 'https://registry.npmjs.org/bower/-/bower-1.7.9.tgz' },
47 silly install resolved     maintainers:
47 silly install resolved      [ [Object],
47 silly install resolved        [Object],
47 silly install resolved        [Object],
47 silly install resolved        [Object],
47 silly install resolved        [Object],
47 silly install resolved        [Object],
47 silly install resolved        [Object] ],
47 silly install resolved     _npmOperationalInternal:
47 silly install resolved      { host: 'packages-12-west.internal.npmjs.com',
47 silly install resolved        tmp: 'tmp/bower-1.7.9.tgz_1459857239351_0.9720134933013469' },
47 silly install resolved     directories: {},
47 silly install resolved     _resolved: 'https://registry.npmjs.org/bower/-/bower-1.7.9.tgz' } ]
48 info install bower@1.7.9 into /usr/local/lib
49 info installOne bower@1.7.9
50 verbose installOne of bower to /usr/local/lib not in flight; installing
51 verbose makeDirectory /Users/personal/.npm/_locks creation not in flight; initializing
52 silly makeDirectory /Users/personal/.npm/_locks uid: 501 gid: 20
53 verbose lock using /Users/personal/.npm/_locks/bower-e8debc5417026b57.lock for /usr/local/lib/node_modules/bower
54 silly install write writing bower 1.7.9 to /usr/local/lib/node_modules/bower
55 verbose unbuild lib/node_modules/bower
56 info preuninstall bower@1.7.7
57 info uninstall bower@1.7.7
58 verbose unbuild rmStuff bower@1.7.7 from /usr/local/lib/node_modules
59 silly gentlyRm /usr/local/bin/bower is being gently removed
60 silly gentlyRm verifying /usr/local is an npm working directory
61 silly gentlyRm containing path /usr/local is under npm's control, in /usr/local
62 silly gentlyRm deletion target /usr/local/bin/bower is under /usr/local
63 verbose gentlyRm vacuuming from /usr/local/bin/bower up to /usr/local
64 silly vacuum-fs removing /usr/local/bin/bower
65 verbose unlock done using /Users/personal/.npm/_locks/bower-e8debc5417026b57.lock for /usr/local/lib/node_modules/bower
66 verbose stack Error: EACCES: permission denied, unlink '/usr/local/bin/bower'
66 verbose stack     at Error (native)
67 verbose cwd /Users/personal/Workspace/github/PersonalSite
68 error Darwin 15.4.0
69 error argv "/usr/local/bin/node" "/usr/local/bin/npm" "install" "-g" "bower"
70 error node v4.2.6
71 error npm  v2.14.12
72 error path /usr/local/bin/bower
73 error code EACCES
74 error errno -13
75 error syscall unlink
76 error Error: EACCES: permission denied, unlink '/usr/local/bin/bower'
76 error     at Error (native)
76 error  { [Error: EACCES: permission denied, unlink '/usr/local/bin/bower']
76 error   errno: -13,
76 error   code: 'EACCES',
76 error   syscall: 'unlink',
76 error   path: '/usr/local/bin/bower' }
77 error Please try running this command again as root/Administrator.
78 verbose exit [ -13, true ]
79 verbose unbuild lib/node_modules/bower
80 info preuninstall bower@1.7.7
81 info uninstall bower@1.7.7
82 verbose unbuild rmStuff bower@1.7.7 from /usr/local/lib/node_modules
83 silly gentlyRm /usr/local/bin/bower is being gently removed
84 silly gentlyRm verifying /usr/local is an npm working directory
85 silly gentlyRm containing path /usr/local is under npm's control, in /usr/local
86 silly gentlyRm deletion target /usr/local/bin/bower is under /usr/local
87 verbose gentlyRm vacuuming from /usr/local/bin/bower up to /usr/local
88 silly vacuum-fs removing /usr/local/bin/bower
89 error error rolling back Error: EACCES: permission denied, unlink '/usr/local/bin/bower'
89 error error rolling back     at Error (native)
89 error error rolling back  { [Error: EACCES: permission denied, unlink '/usr/local/bin/bower']
89 error error rolling back   errno: -13,
89 error error rolling back   code: 'EACCES',
89 error error rolling back   syscall: 'unlink',
89 error error rolling back   path: '/usr/local/bin/bower' }
